d:\escuela\universidad\8° cuatrimestre\arquitectura\arquitectura-motores-graficos-alima\tutorial07\intermediate\tutorial07\x64\debug\vc143.pdb
d:\escuela\universidad\8° cuatrimestre\arquitectura\arquitectura-motores-graficos-alima\tutorial07\intermediate\tutorial07\x64\debug\vc143.idb
d:\escuela\universidad\8° cuatrimestre\arquitectura\arquitectura-motores-graficos-alima\tutorial07\intermediate\tutorial07\x64\debug\window.obj
d:\escuela\universidad\8° cuatrimestre\arquitectura\arquitectura-motores-graficos-alima\tutorial07\intermediate\tutorial07\x64\debug\tutorial07.obj
d:\escuela\universidad\8° cuatrimestre\arquitectura\arquitectura-motores-graficos-alima\tutorial07\intermediate\tutorial07\x64\debug\texture.obj
d:\escuela\universidad\8° cuatrimestre\arquitectura\arquitectura-motores-graficos-alima\tutorial07\intermediate\tutorial07\x64\debug\devicecontext.obj
d:\escuela\universidad\8° cuatrimestre\arquitectura\arquitectura-motores-graficos-alima\tutorial07\intermediate\tutorial07\x64\debug\device.obj
d:\escuela\universidad\8° cuatrimestre\arquitectura\arquitectura-motores-graficos-alima\tutorial07\intermediate\tutorial07\x64\debug\depthstencilview.obj
d:\escuela\universidad\8° cuatrimestre\arquitectura\arquitectura-motores-graficos-alima\tutorial07\intermediate\tutorial07\x64\debug\ctime.obj
d:\escuela\universidad\8° cuatrimestre\arquitectura\arquitectura-motores-graficos-alima\tutorial07\intermediate\tutorial07\x64\debug\tutorial07.res
d:\escuela\universidad\8° cuatrimestre\arquitectura\arquitectura-motores-graficos-alima\tutorial07\bin/x64/tutorial07_d.pdb
d:\escuela\universidad\8° cuatrimestre\arquitectura\arquitectura-motores-graficos-alima\tutorial07\intermediate/tutorial07/x64/debug/tutorial07_2010.vcxproj.filelistabsolute.txt
d:\escuela\universidad\8° cuatrimestre\arquitectura\arquitectura-motores-graficos-alima\tutorial07\intermediate\tutorial07\x64\debug\tutorial07.tlog\cl.command.1.tlog
d:\escuela\universidad\8° cuatrimestre\arquitectura\arquitectura-motores-graficos-alima\tutorial07\intermediate\tutorial07\x64\debug\tutorial07.tlog\cl.read.1.tlog
d:\escuela\universidad\8° cuatrimestre\arquitectura\arquitectura-motores-graficos-alima\tutorial07\intermediate\tutorial07\x64\debug\tutorial07.tlog\cl.write.1.tlog
d:\escuela\universidad\8° cuatrimestre\arquitectura\arquitectura-motores-graficos-alima\tutorial07\intermediate\tutorial07\x64\debug\tutorial07.tlog\link-cvtres.read.1.tlog
d:\escuela\universidad\8° cuatrimestre\arquitectura\arquitectura-motores-graficos-alima\tutorial07\intermediate\tutorial07\x64\debug\tutorial07.tlog\link-cvtres.write.1.tlog
d:\escuela\universidad\8° cuatrimestre\arquitectura\arquitectura-motores-graficos-alima\tutorial07\intermediate\tutorial07\x64\debug\tutorial07.tlog\link-mt.read.1.tlog
d:\escuela\universidad\8° cuatrimestre\arquitectura\arquitectura-motores-graficos-alima\tutorial07\intermediate\tutorial07\x64\debug\tutorial07.tlog\link-mt.write.1.tlog
d:\escuela\universidad\8° cuatrimestre\arquitectura\arquitectura-motores-graficos-alima\tutorial07\intermediate\tutorial07\x64\debug\tutorial07.tlog\link-rc.read.1.tlog
d:\escuela\universidad\8° cuatrimestre\arquitectura\arquitectura-motores-graficos-alima\tutorial07\intermediate\tutorial07\x64\debug\tutorial07.tlog\link-rc.write.1.tlog
d:\escuela\universidad\8° cuatrimestre\arquitectura\arquitectura-motores-graficos-alima\tutorial07\intermediate\tutorial07\x64\debug\tutorial07.tlog\link.55952-cvtres.read.1.tlog
d:\escuela\universidad\8° cuatrimestre\arquitectura\arquitectura-motores-graficos-alima\tutorial07\intermediate\tutorial07\x64\debug\tutorial07.tlog\link.55952-cvtres.write.1.tlog
d:\escuela\universidad\8° cuatrimestre\arquitectura\arquitectura-motores-graficos-alima\tutorial07\intermediate\tutorial07\x64\debug\tutorial07.tlog\link.55952-mt.read.1.tlog
d:\escuela\universidad\8° cuatrimestre\arquitectura\arquitectura-motores-graficos-alima\tutorial07\intermediate\tutorial07\x64\debug\tutorial07.tlog\link.55952-mt.write.1.tlog
d:\escuela\universidad\8° cuatrimestre\arquitectura\arquitectura-motores-graficos-alima\tutorial07\intermediate\tutorial07\x64\debug\tutorial07.tlog\link.55952-rc.read.1.tlog
d:\escuela\universidad\8° cuatrimestre\arquitectura\arquitectura-motores-graficos-alima\tutorial07\intermediate\tutorial07\x64\debug\tutorial07.tlog\link.55952-rc.write.1.tlog
d:\escuela\universidad\8° cuatrimestre\arquitectura\arquitectura-motores-graficos-alima\tutorial07\intermediate\tutorial07\x64\debug\tutorial07.tlog\link.55952.read.1.tlog
d:\escuela\universidad\8° cuatrimestre\arquitectura\arquitectura-motores-graficos-alima\tutorial07\intermediate\tutorial07\x64\debug\tutorial07.tlog\link.55952.read.2.tlog
d:\escuela\universidad\8° cuatrimestre\arquitectura\arquitectura-motores-graficos-alima\tutorial07\intermediate\tutorial07\x64\debug\tutorial07.tlog\link.55952.write.1.tlog
d:\escuela\universidad\8° cuatrimestre\arquitectura\arquitectura-motores-graficos-alima\tutorial07\intermediate\tutorial07\x64\debug\tutorial07.tlog\link.command.1.tlog
d:\escuela\universidad\8° cuatrimestre\arquitectura\arquitectura-motores-graficos-alima\tutorial07\intermediate\tutorial07\x64\debug\tutorial07.tlog\link.read.1.tlog
d:\escuela\universidad\8° cuatrimestre\arquitectura\arquitectura-motores-graficos-alima\tutorial07\intermediate\tutorial07\x64\debug\tutorial07.tlog\link.write.1.tlog
d:\escuela\universidad\8° cuatrimestre\arquitectura\arquitectura-motores-graficos-alima\tutorial07\intermediate\tutorial07\x64\debug\tutorial07.tlog\rc.command.1.tlog
d:\escuela\universidad\8° cuatrimestre\arquitectura\arquitectura-motores-graficos-alima\tutorial07\intermediate\tutorial07\x64\debug\tutorial07.tlog\rc.read.1.tlog
d:\escuela\universidad\8° cuatrimestre\arquitectura\arquitectura-motores-graficos-alima\tutorial07\intermediate\tutorial07\x64\debug\tutorial07.tlog\rc.write.1.tlog
